  pilotageLumiere.cpp
  main.cpp
C:\Users\Charles\Documents\GitHub\TP-Systeme\TP DMX\DMX\DMX\DasHard.h(54,7): error C3646: 'year' : spécificateur de substitution inconnu (compilation du fichier source pilotageLumiere.cpp)
C:\Users\Charles\Documents\GitHub\TP-Systeme\TP DMX\DMX\DMX\DasHard.h(54,7): error C3646: 'year' : spécificateur de substitution inconnu (compilation du fichier source main.cpp)
C:\Users\Charles\Documents\GitHub\TP-Systeme\TP DMX\DMX\DMX\DasHard.h(54,11): error C4430: spécificateur de type manquant - int est pris en compte par défaut. Remarque : C++ ne prend pas en charge int par défaut (compilation du fichier source pilotageLumiere.cpp)
C:\Users\Charles\Documents\GitHub\TP-Systeme\TP DMX\DMX\DMX\DasHard.h(54,11): error C4430: spécificateur de type manquant - int est pris en compte par défaut. Remarque : C++ ne prend pas en charge int par défaut (compilation du fichier source main.cpp)
C:\Users\Charles\Documents\GitHub\TP-Systeme\TP DMX\DMX\DMX\DasHard.h(55,7): error C3646: 'month' : spécificateur de substitution inconnu (compilation du fichier source pilotageLumiere.cpp)
C:\Users\Charles\Documents\GitHub\TP-Systeme\TP DMX\DMX\DMX\DasHard.h(55,7): error C3646: 'month' : spécificateur de substitution inconnu (compilation du fichier source main.cpp)
C:\Users\Charles\Documents\GitHub\TP-Systeme\TP DMX\DMX\DMX\DasHard.h(55,12): error C4430: spécificateur de type manquant - int est pris en compte par défaut. Remarque : C++ ne prend pas en charge int par défaut (compilation du fichier source pilotageLumiere.cpp)
C:\Users\Charles\Documents\GitHub\TP-Systeme\TP DMX\DMX\DMX\DasHard.h(55,12): error C4430: spécificateur de type manquant - int est pris en compte par défaut. Remarque : C++ ne prend pas en charge int par défaut (compilation du fichier source main.cpp)
C:\Users\Charles\Documents\GitHub\TP-Systeme\TP DMX\DMX\DMX\DasHard.h(56,7): error C3646: 'dayOfWeek' : spécificateur de substitution inconnu (compilation du fichier source pilotageLumiere.cpp)
C:\Users\Charles\Documents\GitHub\TP-Systeme\TP DMX\DMX\DMX\DasHard.h(56,7): error C3646: 'dayOfWeek' : spécificateur de substitution inconnu (compilation du fichier source main.cpp)
C:\Users\Charles\Documents\GitHub\TP-Systeme\TP DMX\DMX\DMX\DasHard.h(56,16): error C4430: spécificateur de type manquant - int est pris en compte par défaut. Remarque : C++ ne prend pas en charge int par défaut (compilation du fichier source pilotageLumiere.cpp)
C:\Users\Charles\Documents\GitHub\TP-Systeme\TP DMX\DMX\DMX\DasHard.h(56,16): error C4430: spécificateur de type manquant - int est pris en compte par défaut. Remarque : C++ ne prend pas en charge int par défaut (compilation du fichier source main.cpp)
C:\Users\Charles\Documents\GitHub\TP-Systeme\TP DMX\DMX\DMX\DasHard.h(57,7): error C3646: 'date' : spécificateur de substitution inconnu (compilation du fichier source pilotageLumiere.cpp)
C:\Users\Charles\Documents\GitHub\TP-Systeme\TP DMX\DMX\DMX\DasHard.h(57,7): error C3646: 'date' : spécificateur de substitution inconnu (compilation du fichier source main.cpp)
C:\Users\Charles\Documents\GitHub\TP-Systeme\TP DMX\DMX\DMX\DasHard.h(57,11): error C4430: spécificateur de type manquant - int est pris en compte par défaut. Remarque : C++ ne prend pas en charge int par défaut (compilation du fichier source pilotageLumiere.cpp)
C:\Users\Charles\Documents\GitHub\TP-Systeme\TP DMX\DMX\DMX\DasHard.h(57,11): error C4430: spécificateur de type manquant - int est pris en compte par défaut. Remarque : C++ ne prend pas en charge int par défaut (compilation du fichier source main.cpp)
C:\Users\Charles\Documents\GitHub\TP-Systeme\TP DMX\DMX\DMX\DasHard.h(58,7): error C3646: 'hour' : spécificateur de substitution inconnu (compilation du fichier source pilotageLumiere.cpp)
C:\Users\Charles\Documents\GitHub\TP-Systeme\TP DMX\DMX\DMX\DasHard.h(58,7): error C3646: 'hour' : spécificateur de substitution inconnu (compilation du fichier source main.cpp)
C:\Users\Charles\Documents\GitHub\TP-Systeme\TP DMX\DMX\DMX\DasHard.h(58,11): error C4430: spécificateur de type manquant - int est pris en compte par défaut. Remarque : C++ ne prend pas en charge int par défaut (compilation du fichier source pilotageLumiere.cpp)
C:\Users\Charles\Documents\GitHub\TP-Systeme\TP DMX\DMX\DMX\DasHard.h(58,11): error C4430: spécificateur de type manquant - int est pris en compte par défaut. Remarque : C++ ne prend pas en charge int par défaut (compilation du fichier source main.cpp)
C:\Users\Charles\Documents\GitHub\TP-Systeme\TP DMX\DMX\DMX\DasHard.h(59,7): error C3646: 'min' : spécificateur de substitution inconnu (compilation du fichier source pilotageLumiere.cpp)
C:\Users\Charles\Documents\GitHub\TP-Systeme\TP DMX\DMX\DMX\DasHard.h(59,7): error C3646: 'min' : spécificateur de substitution inconnu (compilation du fichier source main.cpp)
C:\Users\Charles\Documents\GitHub\TP-Systeme\TP DMX\DMX\DMX\DasHard.h(59,10): error C4430: spécificateur de type manquant - int est pris en compte par défaut. Remarque : C++ ne prend pas en charge int par défaut (compilation du fichier source pilotageLumiere.cpp)
C:\Users\Charles\Documents\GitHub\TP-Systeme\TP DMX\DMX\DMX\DasHard.h(59,10): error C4430: spécificateur de type manquant - int est pris en compte par défaut. Remarque : C++ ne prend pas en charge int par défaut (compilation du fichier source main.cpp)
C:\Users\Charles\Documents\GitHub\TP-Systeme\TP DMX\DMX\DMX\DasHard.h(60,7): error C3646: 'sec' : spécificateur de substitution inconnu (compilation du fichier source pilotageLumiere.cpp)
C:\Users\Charles\Documents\GitHub\TP-Systeme\TP DMX\DMX\DMX\DasHard.h(60,10): error C4430: spécificateur de type manquant - int est pris en compte par défaut. Remarque : C++ ne prend pas en charge int par défaut (compilation du fichier source pilotageLumiere.cpp)
C:\Users\Charles\Documents\GitHub\TP-Systeme\TP DMX\DMX\DMX\DasHard.h(60,7): error C3646: 'sec' : spécificateur de substitution inconnu (compilation du fichier source main.cpp)
C:\Users\Charles\Documents\GitHub\TP-Systeme\TP DMX\DMX\DMX\DasHard.h(61,7): error C3646: 'milliseconds' : spécificateur de substitution inconnu (compilation du fichier source pilotageLumiere.cpp)
C:\Users\Charles\Documents\GitHub\TP-Systeme\TP DMX\DMX\DMX\DasHard.h(61,19): error C4430: spécificateur de type manquant - int est pris en compte par défaut. Remarque : C++ ne prend pas en charge int par défaut (compilation du fichier source pilotageLumiere.cpp)
C:\Users\Charles\Documents\GitHub\TP-Systeme\TP DMX\DMX\DMX\DasHard.h(60,10): error C4430: spécificateur de type manquant - int est pris en compte par défaut. Remarque : C++ ne prend pas en charge int par défaut (compilation du fichier source main.cpp)
C:\Users\Charles\Documents\GitHub\TP-Systeme\TP DMX\DMX\DMX\DasHard.h(61,7): error C3646: 'milliseconds' : spécificateur de substitution inconnu (compilation du fichier source main.cpp)
C:\Users\Charles\Documents\GitHub\TP-Systeme\TP DMX\DMX\DMX\DasHard.h(61,19): error C4430: spécificateur de type manquant - int est pris en compte par défaut. Remarque : C++ ne prend pas en charge int par défaut (compilation du fichier source main.cpp)
C:\Program Files (x86)\Windows Kits\10\Include\10.0.22621.0\um\winnt.h(169,1): fatal  error C1189: #error:  "No Target Architecture" (compilation du fichier source pilotageLumiere.cpp)
C:\Program Files (x86)\Windows Kits\10\Include\10.0.22621.0\um\winnt.h(169,1): fatal  error C1189: #error:  "No Target Architecture" (compilation du fichier source main.cpp)
